2025-09-17 09:23:57.960 +07 [DEBUG] (main-service) trace=c9d56905-30b2-4959-85b5-c4d76a1e4948 flow=flow-001 attrs=map[user_id:u001] Bắt đầu xử lý thanh toán cho user u001
2025-09-17 09:23:57.960 +07 [INFO] (main-service) trace=c9d56905-30b2-4959-85b5-c4d76a1e4948 flow=flow-001 attrs=map[user_id:u001] Thanh toán thành công cho đơn hàng 1001
2025-09-17 02:23:57.960 UTC [INFO] (main-service) flow=flow-001 attrs=map[user_id:u001] Thử mask thẻ: ****MASKED_CARD**** và email: ***@masked.email
2025-09-17 02:23:57.960 UTC [WARN] (main-service) flow=flow-001 attrs=map[user_id:u001] Số dư tài khoản thấp cho user u001
2025-09-17 02:23:57.960 UTC [INFO] (main-service) flow=flow-001 attrs=map[user_id:u001] Header authorization: Bearer ****MASKED****
2025-09-17 02:23:57.960 UTC [ERROR] (main-service) flow=flow-001 attrs=map[user_id:u001] Lỗi kết nối tới ngân hàng
{"time":"2025-09-17T02:23:57.96031Z","level":"WARN","module":"main-service","flow_id":"flow-001","attrs":{"user_id":"u001"},"message":"Log này sẽ được ghi (\u003e= WARN)"}
{"time":"2025-09-17T02:23:57.96031Z","level":"INFO","module":"main-service","flow_id":"flow-001","attrs":{"user_id":"u001"},"message":"Gọi từ package bên ngoài (SimpleLogger)"}
{"time":"2025-09-17T02:23:57.96031Z","level":"WARN","module":"main-service","flow_id":"flow-001","attrs":{"user_id":"u001"},"message":"Cảnh báo từ package bên ngoài"}
{"time":"2025-09-17T02:23:57.96031Z","level":"ERROR","module":"main-service","flow_id":"flow-001","attrs":{"user_id":"u001"},"message":"Lỗi từ package bên ngoài"}
{"time":"2025-09-17T09:23:58.1611342+07:00","level":"INFO","module":"main-service","trace_id":"c9d56905-30b2-4959-85b5-c4d76a1e4948","flow_id":"flow-001","attrs":{"user_id":"u001"},"message":"Log sau ReinitGlobalLogger (JSON mode)"}
{"time":"2025-09-17T09:23:58.1611342+07:00","level":"INFO","module":"main-service","trace_id":"c9d56905-30b2-4959-85b5-c4d76a1e4948","flow_id":"flow-001","attrs":{"user_id":"u001"},"message":"Batch log 1"}
{"time":"2025-09-17T09:23:58.1611342+07:00","level":"INFO","module":"main-service","trace_id":"c9d56905-30b2-4959-85b5-c4d76a1e4948","flow_id":"flow-001","attrs":{"user_id":"u001"},"message":"Batch log 2"}
{"time":"2025-09-17T09:23:58.1611342+07:00","level":"INFO","module":"main-service","trace_id":"c9d56905-30b2-4959-85b5-c4d76a1e4948","flow_id":"flow-001","attrs":{"user_id":"u001"},"message":"Batch log 3"}
{"time":"2025-09-17T09:23:58.1611342+07:00","level":"INFO","module":"main-service","trace_id":"c9d56905-30b2-4959-85b5-c4d76a1e4948","flow_id":"flow-001","attrs":{"user_id":"u001"},"message":"Batch log 4"}
{"time":"2025-09-17T09:23:58.1611342+07:00","level":"INFO","module":"main-service","trace_id":"c9d56905-30b2-4959-85b5-c4d76a1e4948","flow_id":"flow-001","attrs":{"user_id":"u001"},"message":"Batch log 5"}
2025-09-17 09:41:41.328 +07 [DEBUG] (main-service) trace=8c7bd1d7-f852-43b8-b8c6-16d3c88d9e33 flow=flow-001 fields=map[user_id:u001] Bắt đầu xử lý thanh toán cho user u001
2025-09-17 02:41:41.328 UTC [WARN] (main-service) flow=flow-001 fields=map[user_id:u001] Số dư tài khoản thấp cho user u001
2025-09-17 02:41:41.328 UTC [ERROR] (main-service) flow=flow-001 fields=map[user_id:u001] Lỗi kết nối tới ngân hàng
2025-09-17 09:41:41.328 +07 [INFO] (main-service) trace=8c7bd1d7-f852-43b8-b8c6-16d3c88d9e33 flow=flow-001 fields=map[user_id:u001] Thanh toán thành công cho đơn hàng 1001
2025-09-17 02:41:41.328 UTC [INFO] (main-service) flow=flow-001 fields=map[user_id:u001] Thử mask thẻ: ****MASKED_CARD**** và email: ***@masked.email
2025-09-17 02:41:41.328 UTC [INFO] (main-service) flow=flow-001 fields=map[user_id:u001] Header authorization: Bearer ****MASKED****
{"time":"2025-09-17T02:41:41.3287001Z","level":"INFO","module":"main-service","flow_id":"flow-001","message":"Gọi từ package bên ngoài (SimpleLogger)","fields":{"user_id":"u001"}}
{"time":"2025-09-17T02:41:41.3287001Z","level":"WARN","module":"main-service","flow_id":"flow-001","message":"Cảnh báo từ package bên ngoài","fields":{"user_id":"u001"}}
{"time":"2025-09-17T02:41:41.3287001Z","level":"ERROR","module":"main-service","flow_id":"flow-001","message":"Lỗi từ package bên ngoài","fields":{"user_id":"u001"}}
{"time":"2025-09-17T02:41:41.3287001Z","level":"WARN","module":"main-service","flow_id":"flow-001","message":"Log này sẽ được ghi (\u003e= WARN)","fields":{"user_id":"u001"}}
{"time":"2025-09-17T09:41:41.5324082+07:00","level":"INFO","module":"main-service","trace_id":"8c7bd1d7-f852-43b8-b8c6-16d3c88d9e33","flow_id":"flow-001","message":"Log sau ReinitGlobalLogger (JSON mode)","fields":{"user_id":"u001"}}
{"time":"2025-09-17T09:41:41.5331039+07:00","level":"INFO","module":"main-service","trace_id":"8c7bd1d7-f852-43b8-b8c6-16d3c88d9e33","flow_id":"flow-001","message":"Batch log 1","fields":{"user_id":"u001"}}
{"time":"2025-09-17T09:41:41.5331039+07:00","level":"INFO","module":"main-service","trace_id":"8c7bd1d7-f852-43b8-b8c6-16d3c88d9e33","flow_id":"flow-001","message":"Batch log 2","fields":{"user_id":"u001"}}
{"time":"2025-09-17T09:41:41.5331039+07:00","level":"INFO","module":"main-service","trace_id":"8c7bd1d7-f852-43b8-b8c6-16d3c88d9e33","flow_id":"flow-001","message":"Batch log 3","fields":{"user_id":"u001"}}
{"time":"2025-09-17T09:41:41.5331039+07:00","level":"INFO","module":"main-service","trace_id":"8c7bd1d7-f852-43b8-b8c6-16d3c88d9e33","flow_id":"flow-001","message":"Batch log 4","fields":{"user_id":"u001"}}
{"time":"2025-09-17T09:41:41.5331039+07:00","level":"INFO","module":"main-service","trace_id":"8c7bd1d7-f852-43b8-b8c6-16d3c88d9e33","flow_id":"flow-001","message":"Batch log 5","fields":{"user_id":"u001"}}
